{"/Users/nicksalvetti/Dropbox/Mac/Documents/springboard/43_assessment/node-express-2/bankly/app.js": {"path":"/Users/nicksalvetti/Dropbox/Mac/Documents/springboard/43_assessment/node-express-2/bankly/app.js","statementMap":{"0":{"start":{"line":3,"column":16},"end":{"line":3,"column":34}},"1":{"start":{"line":4,"column":12},"end":{"line":4,"column":21}},"2":{"start":{"line":5,"column":15},"end":{"line":5,"column":32}},"3":{"start":{"line":6,"column":21},"end":{"line":6,"column":54}},"4":{"start":{"line":8,"column":0},"end":{"line":8,"column":24}},"5":{"start":{"line":9,"column":0},"end":{"line":9,"column":23}},"6":{"start":{"line":11,"column":19},"end":{"line":11,"column":43}},"7":{"start":{"line":12,"column":19},"end":{"line":12,"column":44}},"8":{"start":{"line":14,"column":0},"end":{"line":14,"column":29}},"9":{"start":{"line":15,"column":0},"end":{"line":15,"column":30}},"10":{"start":{"line":19,"column":0},"end":{"line":22,"column":3}},"11":{"start":{"line":20,"column":11},"end":{"line":20,"column":50}},"12":{"start":{"line":21,"column":1},"end":{"line":21,"column":16}},"13":{"start":{"line":26,"column":0},"end":{"line":35,"column":3}},"14":{"start":{"line":27,"column":14},"end":{"line":27,"column":29}},"15":{"start":{"line":28,"column":11},"end":{"line":28,"column":21}},"16":{"start":{"line":29,"column":1},"end":{"line":34,"column":4}},"17":{"start":{"line":37,"column":0},"end":{"line":37,"column":21}}},"fnMap":{"0":{"name":"(anonymous_0)","decl":{"start":{"line":19,"column":8},"end":{"line":19,"column":9}},"loc":{"start":{"line":19,"column":28},"end":{"line":22,"column":1}},"line":19},"1":{"name":"(anonymous_1)","decl":{"start":{"line":26,"column":8},"end":{"line":26,"column":9}},"loc":{"start":{"line":26,"column":31},"end":{"line":35,"column":1}},"line":26}},"branchMap":{"0":{"loc":{"start":{"line":27,"column":14},"end":{"line":27,"column":29}},"type":"binary-expr","locations":[{"start":{"line":27,"column":14},"end":{"line":27,"column":22}},{"start":{"line":27,"column":26},"end":{"line":27,"column":29}}],"line":27},"1":{"loc":{"start":{"line":28,"column":11},"end":{"line":28,"column":21}},"type":"binary-expr","locations":[{"start":{"line":28,"column":11},"end":{"line":28,"column":16}},{"start":{"line":28,"column":20},"end":{"line":28,"column":21}}],"line":28}},"s":{"0":2,"1":2,"2":2,"3":2,"4":2,"5":2,"6":2,"7":2,"8":2,"9":2,"10":2,"11":9,"12":9,"13":2,"14":9,"15":9,"16":9,"17":2},"f":{"0":9,"1":9},"b":{"0":[9,0],"1":[9,9]},"_coverageSchema":"1a1c01bbd47fc00a2c39e90264f33305004495a9","hash":"a1763769401d680a6129b9e92a6ade317dee7c25"}
,"/Users/nicksalvetti/Dropbox/Mac/Documents/springboard/43_assessment/node-express-2/bankly/config.js": {"path":"/Users/nicksalvetti/Dropbox/Mac/Documents/springboard/43_assessment/node-express-2/bankly/config.js","statementMap":{"0":{"start":{"line":3,"column":0},"end":{"line":3,"column":27}},"1":{"start":{"line":4,"column":0},"end":{"line":4,"column":18}},"2":{"start":{"line":6,"column":19},"end":{"line":6,"column":69}},"3":{"start":{"line":8,"column":13},"end":{"line":8,"column":38}},"4":{"start":{"line":10,"column":15},"end":{"line":10,"column":31}},"5":{"start":{"line":11,"column":11},"end":{"line":11,"column":19}},"6":{"start":{"line":15,"column":1},"end":{"line":17,"column":23}},"7":{"start":{"line":19,"column":15},"end":{"line":19,"column":31}},"8":{"start":{"line":23,"column":27},"end":{"line":23,"column":67}},"9":{"start":{"line":25,"column":0},"end":{"line":25,"column":35}},"10":{"start":{"line":26,"column":0},"end":{"line":26,"column":44}},"11":{"start":{"line":27,"column":0},"end":{"line":27,"column":43}},"12":{"start":{"line":28,"column":0},"end":{"line":28,"column":59}},"13":{"start":{"line":29,"column":0},"end":{"line":29,"column":38}},"14":{"start":{"line":31,"column":0},"end":{"line":36,"column":2}}},"fnMap":{"0":{"name":"getDatabaseUri","decl":{"start":{"line":14,"column":9},"end":{"line":14,"column":23}},"loc":{"start":{"line":14,"column":26},"end":{"line":18,"column":1}},"line":14}},"branchMap":{"0":{"loc":{"start":{"line":6,"column":19},"end":{"line":6,"column":69}},"type":"binary-expr","locations":[{"start":{"line":6,"column":19},"end":{"line":6,"column":41}},{"start":{"line":6,"column":45},"end":{"line":6,"column":69}}],"line":6},"1":{"loc":{"start":{"line":8,"column":13},"end":{"line":8,"column":38}},"type":"binary-expr","locations":[{"start":{"line":8,"column":13},"end":{"line":8,"column":30}},{"start":{"line":8,"column":34},"end":{"line":8,"column":38}}],"line":8},"2":{"loc":{"start":{"line":15,"column":8},"end":{"line":17,"column":22}},"type":"cond-expr","locations":[{"start":{"line":16,"column":4},"end":{"line":16,"column":27}},{"start":{"line":17,"column":4},"end":{"line":17,"column":22}}],"line":15},"3":{"loc":{"start":{"line":23,"column":27},"end":{"line":23,"column":67}},"type":"cond-expr","locations":[{"start":{"line":23,"column":61},"end":{"line":23,"column":62}},{"start":{"line":23,"column":65},"end":{"line":23,"column":67}}],"line":23}},"s":{"0":2,"1":2,"2":2,"3":2,"4":2,"5":2,"6":2,"7":2,"8":2,"9":2,"10":2,"11":2,"12":2,"13":2,"14":2},"f":{"0":2},"b":{"0":[2,2],"1":[2,2],"2":[2,0],"3":[2,0]},"_coverageSchema":"1a1c01bbd47fc00a2c39e90264f33305004495a9","hash":"3ba4448a01bf6ab3090c0a136cef22649e491934"}
,"/Users/nicksalvetti/Dropbox/Mac/Documents/springboard/43_assessment/node-express-2/bankly/db.js": {"path":"/Users/nicksalvetti/Dropbox/Mac/Documents/springboard/43_assessment/node-express-2/bankly/db.js","statementMap":{"0":{"start":{"line":3,"column":19},"end":{"line":3,"column":32}},"1":{"start":{"line":4,"column":19},"end":{"line":4,"column":38}},"2":{"start":{"line":6,"column":15},"end":{"line":6,"column":33}},"3":{"start":{"line":8,"column":0},"end":{"line":8,"column":17}},"4":{"start":{"line":10,"column":0},"end":{"line":10,"column":24}}},"fnMap":{},"branchMap":{},"s":{"0":2,"1":2,"2":2,"3":2,"4":2},"f":{},"b":{},"_coverageSchema":"1a1c01bbd47fc00a2c39e90264f33305004495a9","hash":"889ad65817f339c5537bf71fbece6f67f37ad55e"}
,"/Users/nicksalvetti/Dropbox/Mac/Documents/springboard/43_assessment/node-express-2/bankly/helpers/createToken.js": {"path":"/Users/nicksalvetti/Dropbox/Mac/Documents/springboard/43_assessment/node-express-2/bankly/helpers/createToken.js","statementMap":{"0":{"start":{"line":1,"column":12},"end":{"line":1,"column":35}},"1":{"start":{"line":2,"column":23},"end":{"line":2,"column":43}},"2":{"start":{"line":8,"column":16},"end":{"line":8,"column":33}},"3":{"start":{"line":9,"column":2},"end":{"line":9,"column":39}},"4":{"start":{"line":13,"column":0},"end":{"line":13,"column":29}}},"fnMap":{"0":{"name":"createToken","decl":{"start":{"line":7,"column":9},"end":{"line":7,"column":20}},"loc":{"start":{"line":7,"column":44},"end":{"line":10,"column":1}},"line":7}},"branchMap":{"0":{"loc":{"start":{"line":7,"column":31},"end":{"line":7,"column":42}},"type":"default-arg","locations":[{"start":{"line":7,"column":37},"end":{"line":7,"column":42}}],"line":7}},"s":{"0":2,"1":2,"2":0,"3":0,"4":2},"f":{"0":0},"b":{"0":[0]},"_coverageSchema":"1a1c01bbd47fc00a2c39e90264f33305004495a9","hash":"9aceeb04fb8f7e000e76503ff16c71a14abf1b4d"}
,"/Users/nicksalvetti/Dropbox/Mac/Documents/springboard/43_assessment/node-express-2/bankly/helpers/expressError.js": {"path":"/Users/nicksalvetti/Dropbox/Mac/Documents/springboard/43_assessment/node-express-2/bankly/helpers/expressError.js","statementMap":{"0":{"start":{"line":11,"column":4},"end":{"line":11,"column":12}},"1":{"start":{"line":12,"column":4},"end":{"line":12,"column":27}},"2":{"start":{"line":13,"column":4},"end":{"line":13,"column":25}},"3":{"start":{"line":14,"column":4},"end":{"line":16,"column":5}},"4":{"start":{"line":15,"column":6},"end":{"line":15,"column":32}},"5":{"start":{"line":20,"column":0},"end":{"line":20,"column":30}}},"fnMap":{"0":{"name":"(anonymous_0)","decl":{"start":{"line":10,"column":2},"end":{"line":10,"column":3}},"loc":{"start":{"line":10,"column":31},"end":{"line":17,"column":3}},"line":10}},"branchMap":{"0":{"loc":{"start":{"line":14,"column":4},"end":{"line":16,"column":5}},"type":"if","locations":[{"start":{"line":14,"column":4},"end":{"line":16,"column":5}},{"start":{},"end":{}}],"line":14}},"s":{"0":9,"1":9,"2":9,"3":9,"4":0,"5":2},"f":{"0":9},"b":{"0":[0,9]},"_coverageSchema":"1a1c01bbd47fc00a2c39e90264f33305004495a9","hash":"f1ab8ca1d1bb9b521466acb6cf239e21fccba809"}
,"/Users/nicksalvetti/Dropbox/Mac/Documents/springboard/43_assessment/node-express-2/bankly/helpers/partialUpdate.js": {"path":"/Users/nicksalvetti/Dropbox/Mac/Documents/springboard/43_assessment/node-express-2/bankly/helpers/partialUpdate.js","statementMap":{"0":{"start":{"line":18,"column":12},"end":{"line":18,"column":13}},"1":{"start":{"line":19,"column":16},"end":{"line":19,"column":18}},"2":{"start":{"line":22,"column":2},"end":{"line":26,"column":3}},"3":{"start":{"line":23,"column":4},"end":{"line":25,"column":5}},"4":{"start":{"line":24,"column":6},"end":{"line":24,"column":23}},"5":{"start":{"line":28,"column":2},"end":{"line":31,"column":3}},"6":{"start":{"line":29,"column":4},"end":{"line":29,"column":38}},"7":{"start":{"line":30,"column":4},"end":{"line":30,"column":13}},"8":{"start":{"line":34,"column":13},"end":{"line":34,"column":31}},"9":{"start":{"line":35,"column":14},"end":{"line":35,"column":76}},"10":{"start":{"line":37,"column":15},"end":{"line":37,"column":35}},"11":{"start":{"line":38,"column":2},"end":{"line":38,"column":18}},"12":{"start":{"line":40,"column":2},"end":{"line":40,"column":25}},"13":{"start":{"line":44,"column":0},"end":{"line":44,"column":37}}},"fnMap":{"0":{"name":"sqlForPartialUpdate","decl":{"start":{"line":14,"column":9},"end":{"line":14,"column":28}},"loc":{"start":{"line":14,"column":52},"end":{"line":41,"column":1}},"line":14}},"branchMap":{"0":{"loc":{"start":{"line":23,"column":4},"end":{"line":25,"column":5}},"type":"if","locations":[{"start":{"line":23,"column":4},"end":{"line":25,"column":5}},{"start":{},"end":{}}],"line":23}},"s":{"0":0,"1":0,"2":0,"3":0,"4":0,"5":0,"6":0,"7":0,"8":0,"9":0,"10":0,"11":0,"12":0,"13":2},"f":{"0":0},"b":{"0":[0,0]},"_coverageSchema":"1a1c01bbd47fc00a2c39e90264f33305004495a9","hash":"895977ab7cb029c12693240028d9826edf762690"}
,"/Users/nicksalvetti/Dropbox/Mac/Documents/springboard/43_assessment/node-express-2/bankly/middleware/auth.js": {"path":"/Users/nicksalvetti/Dropbox/Mac/Documents/springboard/43_assessment/node-express-2/bankly/middleware/auth.js","statementMap":{"0":{"start":{"line":3,"column":12},"end":{"line":3,"column":35}},"1":{"start":{"line":4,"column":23},"end":{"line":4,"column":43}},"2":{"start":{"line":9,"column":1},"end":{"line":17,"column":2}},"3":{"start":{"line":10,"column":2},"end":{"line":14,"column":3}},"4":{"start":{"line":11,"column":3},"end":{"line":11,"column":17}},"5":{"start":{"line":13,"column":3},"end":{"line":13,"column":57}},"6":{"start":{"line":16,"column":2},"end":{"line":16,"column":19}},"7":{"start":{"line":23,"column":1},"end":{"line":31,"column":2}},"8":{"start":{"line":24,"column":2},"end":{"line":28,"column":3}},"9":{"start":{"line":25,"column":3},"end":{"line":25,"column":17}},"10":{"start":{"line":27,"column":3},"end":{"line":27,"column":57}},"11":{"start":{"line":30,"column":2},"end":{"line":30,"column":19}},"12":{"start":{"line":48,"column":1},"end":{"line":59,"column":2}},"13":{"start":{"line":49,"column":16},"end":{"line":49,"column":51}},"14":{"start":{"line":50,"column":2},"end":{"line":54,"column":3}},"15":{"start":{"line":51,"column":17},"end":{"line":51,"column":46}},"16":{"start":{"line":52,"column":3},"end":{"line":52,"column":40}},"17":{"start":{"line":53,"column":3},"end":{"line":53,"column":34}},"18":{"start":{"line":55,"column":2},"end":{"line":55,"column":16}},"19":{"start":{"line":57,"column":2},"end":{"line":57,"column":19}},"20":{"start":{"line":58,"column":2},"end":{"line":58,"column":19}},"21":{"start":{"line":62,"column":0},"end":{"line":66,"column":2}}},"fnMap":{"0":{"name":"requireLogin","decl":{"start":{"line":8,"column":9},"end":{"line":8,"column":21}},"loc":{"start":{"line":8,"column":38},"end":{"line":18,"column":1}},"line":8},"1":{"name":"requireAdmin","decl":{"start":{"line":22,"column":9},"end":{"line":22,"column":21}},"loc":{"start":{"line":22,"column":38},"end":{"line":32,"column":1}},"line":22},"2":{"name":"authUser","decl":{"start":{"line":47,"column":9},"end":{"line":47,"column":17}},"loc":{"start":{"line":47,"column":34},"end":{"line":60,"column":1}},"line":47}},"branchMap":{"0":{"loc":{"start":{"line":10,"column":2},"end":{"line":14,"column":3}},"type":"if","locations":[{"start":{"line":10,"column":2},"end":{"line":14,"column":3}},{"start":{"line":12,"column":9},"end":{"line":14,"column":3}}],"line":10},"1":{"loc":{"start":{"line":24,"column":2},"end":{"line":28,"column":3}},"type":"if","locations":[{"start":{"line":24,"column":2},"end":{"line":28,"column":3}},{"start":{"line":26,"column":9},"end":{"line":28,"column":3}}],"line":24},"2":{"loc":{"start":{"line":49,"column":16},"end":{"line":49,"column":51}},"type":"binary-expr","locations":[{"start":{"line":49,"column":16},"end":{"line":49,"column":31}},{"start":{"line":49,"column":35},"end":{"line":49,"column":51}}],"line":49},"3":{"loc":{"start":{"line":50,"column":2},"end":{"line":54,"column":3}},"type":"if","locations":[{"start":{"line":50,"column":2},"end":{"line":54,"column":3}},{"start":{},"end":{}}],"line":50}},"s":{"0":2,"1":2,"2":0,"3":0,"4":0,"5":0,"6":0,"7":0,"8":0,"9":0,"10":0,"11":0,"12":0,"13":0,"14":0,"15":0,"16":0,"17":0,"18":0,"19":0,"20":0,"21":2},"f":{"0":0,"1":0,"2":0},"b":{"0":[0,0],"1":[0,0],"2":[0,0],"3":[0,0]},"_coverageSchema":"1a1c01bbd47fc00a2c39e90264f33305004495a9","hash":"6b5bee675a8a51b469c4521aaa5ff06c31640457"}
,"/Users/nicksalvetti/Dropbox/Mac/Documents/springboard/43_assessment/node-express-2/bankly/models/user.js": {"path":"/Users/nicksalvetti/Dropbox/Mac/Documents/springboard/43_assessment/node-express-2/bankly/models/user.js","statementMap":{"0":{"start":{"line":1,"column":15},"end":{"line":1,"column":32}},"1":{"start":{"line":2,"column":11},"end":{"line":2,"column":27}},"2":{"start":{"line":3,"column":21},"end":{"line":3,"column":55}},"3":{"start":{"line":4,"column":28},"end":{"line":4,"column":63}},"4":{"start":{"line":5,"column":31},"end":{"line":5,"column":51}},"5":{"start":{"line":18,"column":25},"end":{"line":23,"column":3}},"6":{"start":{"line":25,"column":2},"end":{"line":30,"column":3}},"7":{"start":{"line":26,"column":3},"end":{"line":29,"column":5}},"8":{"start":{"line":32,"column":25},"end":{"line":32,"column":72}},"9":{"start":{"line":34,"column":17},"end":{"line":40,"column":3}},"10":{"start":{"line":42,"column":2},"end":{"line":42,"column":24}},"11":{"start":{"line":52,"column":17},"end":{"line":63,"column":3}},"12":{"start":{"line":65,"column":15},"end":{"line":65,"column":29}},"13":{"start":{"line":67,"column":2},"end":{"line":71,"column":3}},"14":{"start":{"line":68,"column":3},"end":{"line":68,"column":15}},"15":{"start":{"line":70,"column":3},"end":{"line":70,"column":54}},"16":{"start":{"line":81,"column":17},"end":{"line":89,"column":3}},"17":{"start":{"line":90,"column":2},"end":{"line":90,"column":21}},"18":{"start":{"line":100,"column":17},"end":{"line":109,"column":3}},"19":{"start":{"line":111,"column":15},"end":{"line":111,"column":29}},"20":{"start":{"line":113,"column":2},"end":{"line":115,"column":3}},"21":{"start":{"line":114,"column":3},"end":{"line":114,"column":47}},"22":{"start":{"line":117,"column":2},"end":{"line":117,"column":14}},"23":{"start":{"line":129,"column":26},"end":{"line":134,"column":3}},"24":{"start":{"line":136,"column":17},"end":{"line":136,"column":46}},"25":{"start":{"line":137,"column":15},"end":{"line":137,"column":29}},"26":{"start":{"line":139,"column":2},"end":{"line":141,"column":3}},"27":{"start":{"line":140,"column":3},"end":{"line":140,"column":47}},"28":{"start":{"line":143,"column":2},"end":{"line":143,"column":14}},"29":{"start":{"line":153,"column":17},"end":{"line":156,"column":3}},"30":{"start":{"line":157,"column":15},"end":{"line":157,"column":29}},"31":{"start":{"line":159,"column":2},"end":{"line":161,"column":3}},"32":{"start":{"line":160,"column":3},"end":{"line":160,"column":47}},"33":{"start":{"line":163,"column":2},"end":{"line":163,"column":14}},"34":{"start":{"line":167,"column":0},"end":{"line":167,"column":22}}},"fnMap":{"0":{"name":"(anonymous_0)","decl":{"start":{"line":10,"column":1},"end":{"line":10,"column":2}},"loc":{"start":{"line":17,"column":4},"end":{"line":43,"column":2}},"line":17},"1":{"name":"(anonymous_1)","decl":{"start":{"line":51,"column":1},"end":{"line":51,"column":2}},"loc":{"start":{"line":51,"column":47},"end":{"line":72,"column":2}},"line":51},"2":{"name":"(anonymous_2)","decl":{"start":{"line":80,"column":1},"end":{"line":80,"column":2}},"loc":{"start":{"line":80,"column":41},"end":{"line":91,"column":2}},"line":80},"3":{"name":"(anonymous_3)","decl":{"start":{"line":99,"column":1},"end":{"line":99,"column":2}},"loc":{"start":{"line":99,"column":28},"end":{"line":118,"column":2}},"line":99},"4":{"name":"(anonymous_4)","decl":{"start":{"line":128,"column":1},"end":{"line":128,"column":2}},"loc":{"start":{"line":128,"column":37},"end":{"line":144,"column":2}},"line":128},"5":{"name":"(anonymous_5)","decl":{"start":{"line":152,"column":1},"end":{"line":152,"column":2}},"loc":{"start":{"line":152,"column":31},"end":{"line":164,"column":2}},"line":152}},"branchMap":{"0":{"loc":{"start":{"line":25,"column":2},"end":{"line":30,"column":3}},"type":"if","locations":[{"start":{"line":25,"column":2},"end":{"line":30,"column":3}},{"start":{},"end":{}}],"line":25},"1":{"loc":{"start":{"line":67,"column":2},"end":{"line":71,"column":3}},"type":"if","locations":[{"start":{"line":67,"column":2},"end":{"line":71,"column":3}},{"start":{"line":69,"column":9},"end":{"line":71,"column":3}}],"line":67},"2":{"loc":{"start":{"line":67,"column":6},"end":{"line":67,"column":61}},"type":"binary-expr","locations":[{"start":{"line":67,"column":6},"end":{"line":67,"column":10}},{"start":{"line":67,"column":15},"end":{"line":67,"column":60}}],"line":67},"3":{"loc":{"start":{"line":113,"column":2},"end":{"line":115,"column":3}},"type":"if","locations":[{"start":{"line":113,"column":2},"end":{"line":115,"column":3}},{"start":{},"end":{}}],"line":113},"4":{"loc":{"start":{"line":139,"column":2},"end":{"line":141,"column":3}},"type":"if","locations":[{"start":{"line":139,"column":2},"end":{"line":141,"column":3}},{"start":{},"end":{}}],"line":139},"5":{"loc":{"start":{"line":159,"column":2},"end":{"line":161,"column":3}},"type":"if","locations":[{"start":{"line":159,"column":2},"end":{"line":161,"column":3}},{"start":{},"end":{}}],"line":159}},"s":{"0":2,"1":2,"2":2,"3":2,"4":2,"5":0,"6":0,"7":0,"8":0,"9":0,"10":0,"11":0,"12":0,"13":0,"14":0,"15":0,"16":0,"17":0,"18":0,"19":0,"20":0,"21":0,"22":0,"23":0,"24":0,"25":0,"26":0,"27":0,"28":0,"29":0,"30":0,"31":0,"32":0,"33":0,"34":2},"f":{"0":0,"1":0,"2":0,"3":0,"4":0,"5":0},"b":{"0":[0,0],"1":[0,0],"2":[0,0],"3":[0,0],"4":[0,0],"5":[0,0]},"_coverageSchema":"1a1c01bbd47fc00a2c39e90264f33305004495a9","hash":"72000a0b5c926c81d2ad4790f907d840d38afdbc"}
,"/Users/nicksalvetti/Dropbox/Mac/Documents/springboard/43_assessment/node-express-2/bankly/routes/auth.js": {"path":"/Users/nicksalvetti/Dropbox/Mac/Documents/springboard/43_assessment/node-express-2/bankly/routes/auth.js","statementMap":{"0":{"start":{"line":3,"column":13},"end":{"line":3,"column":38}},"1":{"start":{"line":4,"column":16},"end":{"line":4,"column":34}},"2":{"start":{"line":5,"column":15},"end":{"line":5,"column":31}},"3":{"start":{"line":6,"column":27},"end":{"line":6,"column":60}},"4":{"start":{"line":16,"column":0},"end":{"line":33,"column":3}},"5":{"start":{"line":17,"column":1},"end":{"line":32,"column":2}},"6":{"start":{"line":19,"column":3},"end":{"line":19,"column":11}},"7":{"start":{"line":20,"column":13},"end":{"line":27,"column":4}},"8":{"start":{"line":28,"column":16},"end":{"line":28,"column":56}},"9":{"start":{"line":29,"column":2},"end":{"line":29,"column":41}},"10":{"start":{"line":31,"column":2},"end":{"line":31,"column":19}},"11":{"start":{"line":45,"column":0},"end":{"line":54,"column":3}},"12":{"start":{"line":46,"column":1},"end":{"line":53,"column":2}},"13":{"start":{"line":47,"column":33},"end":{"line":47,"column":41}},"14":{"start":{"line":48,"column":13},"end":{"line":48,"column":56}},"15":{"start":{"line":49,"column":16},"end":{"line":49,"column":56}},"16":{"start":{"line":50,"column":2},"end":{"line":50,"column":29}},"17":{"start":{"line":52,"column":2},"end":{"line":52,"column":19}},"18":{"start":{"line":56,"column":0},"end":{"line":56,"column":24}}},"fnMap":{"0":{"name":"(anonymous_0)","decl":{"start":{"line":16,"column":25},"end":{"line":16,"column":26}},"loc":{"start":{"line":16,"column":57},"end":{"line":33,"column":1}},"line":16},"1":{"name":"(anonymous_1)","decl":{"start":{"line":45,"column":22},"end":{"line":45,"column":23}},"loc":{"start":{"line":45,"column":54},"end":{"line":54,"column":1}},"line":45}},"branchMap":{},"s":{"0":2,"1":2,"2":2,"3":2,"4":2,"5":0,"6":0,"7":0,"8":0,"9":0,"10":0,"11":2,"12":0,"13":0,"14":0,"15":0,"16":0,"17":0,"18":2},"f":{"0":0,"1":0},"b":{},"_coverageSchema":"1a1c01bbd47fc00a2c39e90264f33305004495a9","hash":"c3a68efd818fb80b098d4ce900b68d934d1f48c1"}
,"/Users/nicksalvetti/Dropbox/Mac/Documents/springboard/43_assessment/node-express-2/bankly/routes/users.js": {"path":"/Users/nicksalvetti/Dropbox/Mac/Documents/springboard/43_assessment/node-express-2/bankly/routes/users.js","statementMap":{"0":{"start":{"line":3,"column":13},"end":{"line":3,"column":38}},"1":{"start":{"line":4,"column":16},"end":{"line":4,"column":34}},"2":{"start":{"line":5,"column":15},"end":{"line":5,"column":35}},"3":{"start":{"line":6,"column":21},"end":{"line":6,"column":55}},"4":{"start":{"line":7,"column":49},"end":{"line":7,"column":78}},"5":{"start":{"line":18,"column":0},"end":{"line":25,"column":3}},"6":{"start":{"line":19,"column":1},"end":{"line":24,"column":2}},"7":{"start":{"line":20,"column":14},"end":{"line":20,"column":33}},"8":{"start":{"line":21,"column":2},"end":{"line":21,"column":29}},"9":{"start":{"line":23,"column":2},"end":{"line":23,"column":19}},"10":{"start":{"line":38,"column":0},"end":{"line":50,"column":2}},"11":{"start":{"line":43,"column":2},"end":{"line":48,"column":3}},"12":{"start":{"line":44,"column":14},"end":{"line":44,"column":49}},"13":{"start":{"line":45,"column":3},"end":{"line":45,"column":29}},"14":{"start":{"line":47,"column":3},"end":{"line":47,"column":20}},"15":{"start":{"line":67,"column":0},"end":{"line":91,"column":2}},"16":{"start":{"line":73,"column":2},"end":{"line":89,"column":3}},"17":{"start":{"line":74,"column":3},"end":{"line":79,"column":4}},"18":{"start":{"line":75,"column":4},"end":{"line":78,"column":6}},"19":{"start":{"line":82,"column":16},"end":{"line":82,"column":31}},"20":{"start":{"line":83,"column":3},"end":{"line":83,"column":24}},"21":{"start":{"line":85,"column":14},"end":{"line":85,"column":60}},"22":{"start":{"line":86,"column":3},"end":{"line":86,"column":29}},"23":{"start":{"line":88,"column":3},"end":{"line":88,"column":20}},"24":{"start":{"line":103,"column":0},"end":{"line":115,"column":2}},"25":{"start":{"line":108,"column":2},"end":{"line":113,"column":3}},"26":{"start":{"line":109,"column":3},"end":{"line":109,"column":42}},"27":{"start":{"line":110,"column":3},"end":{"line":110,"column":43}},"28":{"start":{"line":112,"column":3},"end":{"line":112,"column":20}},"29":{"start":{"line":117,"column":0},"end":{"line":117,"column":24}}},"fnMap":{"0":{"name":"(anonymous_0)","decl":{"start":{"line":18,"column":40},"end":{"line":18,"column":41}},"loc":{"start":{"line":18,"column":72},"end":{"line":25,"column":1}},"line":18},"1":{"name":"(anonymous_1)","decl":{"start":{"line":42,"column":1},"end":{"line":42,"column":2}},"loc":{"start":{"line":42,"column":33},"end":{"line":49,"column":2}},"line":42},"2":{"name":"(anonymous_2)","decl":{"start":{"line":72,"column":1},"end":{"line":72,"column":2}},"loc":{"start":{"line":72,"column":33},"end":{"line":90,"column":2}},"line":72},"3":{"name":"(anonymous_3)","decl":{"start":{"line":107,"column":1},"end":{"line":107,"column":2}},"loc":{"start":{"line":107,"column":33},"end":{"line":114,"column":2}},"line":107}},"branchMap":{"0":{"loc":{"start":{"line":74,"column":3},"end":{"line":79,"column":4}},"type":"if","locations":[{"start":{"line":74,"column":3},"end":{"line":79,"column":4}},{"start":{},"end":{}}],"line":74},"1":{"loc":{"start":{"line":74,"column":7},"end":{"line":74,"column":67}},"type":"binary-expr","locations":[{"start":{"line":74,"column":7},"end":{"line":74,"column":22}},{"start":{"line":74,"column":26},"end":{"line":74,"column":67}}],"line":74}},"s":{"0":2,"1":2,"2":2,"3":2,"4":2,"5":2,"6":0,"7":0,"8":0,"9":0,"10":2,"11":0,"12":0,"13":0,"14":0,"15":2,"16":0,"17":0,"18":0,"19":0,"20":0,"21":0,"22":0,"23":0,"24":2,"25":0,"26":0,"27":0,"28":0,"29":2},"f":{"0":0,"1":0,"2":0,"3":0},"b":{"0":[0,0],"1":[0,0]},"_coverageSchema":"1a1c01bbd47fc00a2c39e90264f33305004495a9","hash":"0d92a90e0ca0ed168d652041c38d1c8d2628d2f6"}
}
