TN:
SF:app.js
FN:19,(anonymous_0)
FN:26,(anonymous_1)
FNF:2
FNH:2
FNDA:9,(anonymous_0)
FNDA:9,(anonymous_1)
DA:3,2
DA:4,2
DA:5,2
DA:6,2
DA:8,2
DA:9,2
DA:11,2
DA:12,2
DA:14,2
DA:15,2
DA:19,2
DA:20,9
DA:21,9
DA:26,2
DA:27,9
DA:28,9
DA:29,9
DA:37,2
LF:18
LH:18
BRDA:27,0,0,9
BRDA:27,0,1,0
BRDA:28,1,0,9
BRDA:28,1,1,9
BRF:4
BRH:3
end_of_record
TN:
SF:config.js
FN:14,getDatabaseUri
FNF:1
FNH:1
FNDA:2,getDatabaseUri
DA:3,2
DA:4,2
DA:6,2
DA:8,2
DA:10,2
DA:11,2
DA:15,2
DA:19,2
DA:23,2
DA:25,2
DA:26,2
DA:27,2
DA:28,2
DA:29,2
DA:31,2
LF:15
LH:15
BRDA:6,0,0,2
BRDA:6,0,1,2
BRDA:8,1,0,2
BRDA:8,1,1,2
BRDA:15,2,0,2
BRDA:15,2,1,0
BRDA:23,3,0,2
BRDA:23,3,1,0
BRF:8
BRH:6
end_of_record
TN:
SF:db.js
FNF:0
FNH:0
DA:3,2
DA:4,2
DA:6,2
DA:8,2
DA:10,2
LF:5
LH:5
BRF:0
BRH:0
end_of_record
TN:
SF:helpers/createToken.js
FN:7,createToken
FNF:1
FNH:0
FNDA:0,createToken
DA:1,2
DA:2,2
DA:8,0
DA:9,0
DA:13,2
LF:5
LH:3
BRDA:7,0,0,0
BRF:1
BRH:0
end_of_record
TN:
SF:helpers/expressError.js
FN:10,(anonymous_0)
FNF:1
FNH:1
FNDA:9,(anonymous_0)
DA:11,9
DA:12,9
DA:13,9
DA:14,9
DA:15,0
DA:20,2
LF:6
LH:5
BRDA:14,0,0,0
BRDA:14,0,1,9
BRF:2
BRH:1
end_of_record
TN:
SF:helpers/partialUpdate.js
FN:14,sqlForPartialUpdate
FNF:1
FNH:0
FNDA:0,sqlForPartialUpdate
DA:18,0
DA:19,0
DA:22,0
DA:23,0
DA:24,0
DA:28,0
DA:29,0
DA:30,0
DA:34,0
DA:35,0
DA:37,0
DA:38,0
DA:40,0
DA:44,2
LF:14
LH:1
BRDA:23,0,0,0
BRDA:23,0,1,0
BRF:2
BRH:0
end_of_record
TN:
SF:middleware/auth.js
FN:8,requireLogin
FN:22,requireAdmin
FN:47,authUser
FNF:3
FNH:0
FNDA:0,requireLogin
FNDA:0,requireAdmin
FNDA:0,authUser
DA:3,2
DA:4,2
DA:9,0
DA:10,0
DA:11,0
DA:13,0
DA:16,0
DA:23,0
DA:24,0
DA:25,0
DA:27,0
DA:30,0
DA:48,0
DA:49,0
DA:50,0
DA:51,0
DA:52,0
DA:53,0
DA:55,0
DA:57,0
DA:58,0
DA:62,2
LF:22
LH:3
BRDA:10,0,0,0
BRDA:10,0,1,0
BRDA:24,1,0,0
BRDA:24,1,1,0
BRDA:49,2,0,0
BRDA:49,2,1,0
BRDA:50,3,0,0
BRDA:50,3,1,0
BRF:8
BRH:0
end_of_record
TN:
SF:models/user.js
FN:10,(anonymous_0)
FN:51,(anonymous_1)
FN:80,(anonymous_2)
FN:99,(anonymous_3)
FN:128,(anonymous_4)
FN:152,(anonymous_5)
FNF:6
FNH:0
FNDA:0,(anonymous_0)
FNDA:0,(anonymous_1)
FNDA:0,(anonymous_2)
FNDA:0,(anonymous_3)
FNDA:0,(anonymous_4)
FNDA:0,(anonymous_5)
DA:1,2
DA:2,2
DA:3,2
DA:4,2
DA:5,2
DA:18,0
DA:25,0
DA:26,0
DA:32,0
DA:34,0
DA:42,0
DA:52,0
DA:65,0
DA:67,0
DA:68,0
DA:70,0
DA:81,0
DA:90,0
DA:100,0
DA:111,0
DA:113,0
DA:114,0
DA:117,0
DA:129,0
DA:136,0
DA:137,0
DA:139,0
DA:140,0
DA:143,0
DA:153,0
DA:157,0
DA:159,0
DA:160,0
DA:163,0
DA:167,2
LF:35
LH:6
BRDA:25,0,0,0
BRDA:25,0,1,0
BRDA:67,1,0,0
BRDA:67,1,1,0
BRDA:67,2,0,0
BRDA:67,2,1,0
BRDA:113,3,0,0
BRDA:113,3,1,0
BRDA:139,4,0,0
BRDA:139,4,1,0
BRDA:159,5,0,0
BRDA:159,5,1,0
BRF:12
BRH:0
end_of_record
TN:
SF:routes/auth.js
FN:16,(anonymous_0)
FN:45,(anonymous_1)
FNF:2
FNH:0
FNDA:0,(anonymous_0)
FNDA:0,(anonymous_1)
DA:3,2
DA:4,2
DA:5,2
DA:6,2
DA:16,2
DA:17,0
DA:19,0
DA:20,0
DA:28,0
DA:29,0
DA:31,0
DA:45,2
DA:46,0
DA:47,0
DA:48,0
DA:49,0
DA:50,0
DA:52,0
DA:56,2
LF:19
LH:7
BRF:0
BRH:0
end_of_record
TN:
SF:routes/users.js
FN:18,(anonymous_0)
FN:42,(anonymous_1)
FN:72,(anonymous_2)
FN:107,(anonymous_3)
FNF:4
FNH:0
FNDA:0,(anonymous_0)
FNDA:0,(anonymous_1)
FNDA:0,(anonymous_2)
FNDA:0,(anonymous_3)
DA:3,2
DA:4,2
DA:5,2
DA:6,2
DA:7,2
DA:18,2
DA:19,0
DA:20,0
DA:21,0
DA:23,0
DA:38,2
DA:43,0
DA:44,0
DA:45,0
DA:47,0
DA:67,2
DA:73,0
DA:74,0
DA:75,0
DA:82,0
DA:83,0
DA:85,0
DA:86,0
DA:88,0
DA:103,2
DA:108,0
DA:109,0
DA:110,0
DA:112,0
DA:117,2
LF:30
LH:10
BRDA:74,0,0,0
BRDA:74,0,1,0
BRDA:74,1,0,0
BRDA:74,1,1,0
BRF:4
BRH:0
end_of_record
